# JRE version: Java(TM) SE Runtime Environment (8.0_60-b27) (build 1.8.0_60-b27)
# Java VM: Java HotSpot(TM) 64-Bit Server VM (25.60-b23 mixed mode windows-amd64 compressed oops)
Heap:
 PSYoungGen      total 39424K, used 14942K [0x00000000d5f80000, 0x00000000d9500000, 0x0000000100000000)
  eden space 24064K, 45% used [0x00000000d5f80000,0x00000000d6a23798,0x00000000d7700000)
  from space 15360K, 26% used [0x00000000d7700000,0x00000000d7af4430,0x00000000d8600000)
  to   space 15360K, 0% used [0x00000000d8600000,0x00000000d8600000,0x00000000d9500000)
 ParOldGen       total 64512K, used 17524K [0x0000000081e00000, 0x0000000085d00000, 0x00000000d5f80000)
  object space 64512K, 27% used [0x0000000081e00000,0x0000000082f1d2d8,0x0000000085d00000)
 Metaspace       used 13157K, capacity 13402K, committed 13568K, reserved 1060864K
  class space    used 1619K, capacity 1709K, committed 1792K, reserved 1048576K
GC Heap History (10 events):
Event: 52.399 GC heap before
{Heap before GC invocations=34 (full 0):
 PSYoungGen      total 32768K, used 31610K [0x00000000d5f80000, 0x00000000d9800000, 0x0000000100000000)
  eden space 24064K, 95% used [0x00000000d5f80000,0x00000000d75e2ba0,0x00000000d7700000)
  from space 8704K, 99% used [0x00000000d7700000,0x00000000d7f7be20,0x00000000d7f80000)
  to   space 16896K, 0% used [0x00000000d8780000,0x00000000d8780000,0x00000000d9800000)
 ParOldGen       total 87552K, used 54315K [0x0000000081e00000, 0x0000000087380000, 0x00000000d5f80000)
  object space 87552K, 62% used [0x0000000081e00000,0x000000008530aea0,0x0000000087380000)
 Metaspace       used 13122K, capacity 13402K, committed 13568K, reserved 1060864K
  class space    used 1619K, capacity 1709K, committed 1792K, reserved 1048576K
Event: 52.419 GC heap after
Heap after GC invocations=34 (full 0):
 PSYoungGen      total 39936K, used 4981K [0x00000000d5f80000, 0x00000000d9700000, 0x0000000100000000)
  eden space 24064K, 0% used [0x00000000d5f80000,0x00000000d5f80000,0x00000000d7700000)
  from space 15872K, 31% used [0x00000000d8780000,0x00000000d8c5d440,0x00000000d9700000)
  to   space 16384K, 0% used [0x00000000d7700000,0x00000000d7700000,0x00000000d8700000)
 ParOldGen       total 87552K, used 77222K [0x0000000081e00000, 0x0000000087380000, 0x00000000d5f80000)
  object space 87552K, 88% used [0x0000000081e00000,0x00000000869698d0,0x0000000087380000)
 Metaspace       used 13122K, capacity 13402K, committed 13568K, reserved 1060864K
  class space    used 1619K, capacity 1709K, committed 1792K, reserved 1048576K
}
Event: 52.420 GC heap before
{Heap before GC invocations=35 (full 1):
 PSYoungGen      total 39936K, used 4981K [0x00000000d5f80000, 0x00000000d9700000, 0x0000000100000000)
  eden space 24064K, 0% used [0x00000000d5f80000,0x00000000d5f80000,0x00000000d7700000)
  from space 15872K, 31% used [0x00000000d8780000,0x00000000d8c5d440,0x00000000d9700000)
  to   space 16384K, 0% used [0x00000000d7700000,0x00000000d7700000,0x00000000d8700000)
 ParOldGen       total 87552K, used 77222K [0x0000000081e00000, 0x0000000087380000, 0x00000000d5f80000)
  object space 87552K, 88% used [0x0000000081e00000,0x00000000869698d0,0x0000000087380000)
 Metaspace       used 13122K, capacity 13402K, committed 13568K, reserved 1060864K
  class space    used 1619K, capacity 1709K, committed 1792K, reserved 1048576K
Event: 52.450 GC heap after
Heap after GC invocations=35 (full 1):
 PSYoungGen      total 39936K, used 0K [0x00000000d5f80000, 0x00000000d9700000, 0x0000000100000000)
  eden space 24064K, 0% used [0x00000000d5f80000,0x00000000d5f80000,0x00000000d7700000)
  from space 15872K, 0% used [0x00000000d8780000,0x00000000d8780000,0x00000000d9700000)
  to   space 16384K, 0% used [0x00000000d7700000,0x00000000d7700000,0x00000000d8700000)
 ParOldGen       total 64512K, used 13619K [0x0000000081e00000, 0x0000000085d00000, 0x00000000d5f80000)
  object space 64512K, 21% used [0x0000000081e00000,0x0000000082b4cea8,0x0000000085d00000)
 Metaspace       used 13122K, capacity 13402K, committed 13568K, reserved 1060864K
  class space    used 1619K, capacity 1709K, committed 1792K, reserved 1048576K
}
Event: 53.725 GC heap before
{Heap before GC invocations=36 (full 1):
 PSYoungGen      total 39936K, used 22943K [0x00000000d5f80000, 0x00000000d9700000, 0x0000000100000000)
  eden space 24064K, 95% used [0x00000000d5f80000,0x00000000d75e7dc0,0x00000000d7700000)
  from space 15872K, 0% used [0x00000000d8780000,0x00000000d8780000,0x00000000d9700000)
  to   space 16384K, 0% used [0x00000000d7700000,0x00000000d7700000,0x00000000d8700000)
 ParOldGen       total 64512K, used 13619K [0x0000000081e00000, 0x0000000085d00000, 0x00000000d5f80000)
  object space 64512K, 21% used [0x0000000081e00000,0x0000000082b4cea8,0x0000000085d00000)
 Metaspace       used 13127K, capacity 13402K, committed 13568K, reserved 1060864K
  class space    used 1619K, capacity 1709K, committed 1792K, reserved 1048576K
Event: 53.727 GC heap after
Heap after GC invocations=36 (full 1):
 PSYoungGen      total 33280K, used 8838K [0x00000000d5f80000, 0x00000000d9600000, 0x0000000100000000)
  eden space 24064K, 0% used [0x00000000d5f80000,0x00000000d5f80000,0x00000000d7700000)
  from space 9216K, 95% used [0x00000000d7700000,0x00000000d7fa1870,0x00000000d8000000)
  to   space 15872K, 0% used [0x00000000d8680000,0x00000000d8680000,0x00000000d9600000)
 ParOldGen       total 64512K, used 13627K [0x0000000081e00000, 0x0000000085d00000, 0x00000000d5f80000)
  object space 64512K, 21% used [0x0000000081e00000,0x0000000082b4eea8,0x0000000085d00000)
 Metaspace       used 13127K, capacity 13402K, committed 13568K, reserved 1060864K
  class space    used 1619K, capacity 1709K, committed 1792K, reserved 1048576K
}
Event: 55.071 GC heap before
{Heap before GC invocations=37 (full 1):
 PSYoungGen      total 33280K, used 31796K [0x00000000d5f80000, 0x00000000d9600000, 0x0000000100000000)
  eden space 24064K, 95% used [0x00000000d5f80000,0x00000000d75eb8d8,0x00000000d7700000)
  from space 9216K, 95% used [0x00000000d7700000,0x00000000d7fa1870,0x00000000d8000000)
  to   space 15872K, 0% used [0x00000000d8680000,0x00000000d8680000,0x00000000d9600000)
 ParOldGen       total 64512K, used 13627K [0x0000000081e00000, 0x0000000085d00000, 0x00000000d5f80000)
  object space 64512K, 21% used [0x0000000081e00000,0x0000000082b4eea8,0x0000000085d00000)
 Metaspace       used 13140K, capacity 13402K, committed 13568K, reserved 1060864K
  class space    used 1619K, capacity 1709K, committed 1792K, reserved 1048576K
Event: 55.081 GC heap after
Heap after GC invocations=37 (full 1):
 PSYoungGen      total 38912K, used 4981K [0x00000000d5f80000, 0x00000000d9500000, 0x0000000100000000)
  eden space 24064K, 0% used [0x00000000d5f80000,0x00000000d5f80000,0x00000000d7700000)
  from space 14848K, 33% used [0x00000000d8680000,0x00000000d8b5d440,0x00000000d9500000)
  to   space 15360K, 0% used [0x00000000d7700000,0x00000000d7700000,0x00000000d8600000)
 ParOldGen       total 64512K, used 17500K [0x0000000081e00000, 0x0000000085d00000, 0x00000000d5f80000)
  object space 64512K, 27% used [0x0000000081e00000,0x0000000082f172d8,0x0000000085d00000)
 Metaspace       used 13140K, capacity 13402K, committed 13568K, reserved 1060864K
  class space    used 1619K, capacity 1709K, committed 1792K, reserved 1048576K
}
Event: 56.539 GC heap before
{Heap before GC invocations=38 (full 1):
 PSYoungGen      total 38912K, used 28889K [0x00000000d5f80000, 0x00000000d9500000, 0x0000000100000000)
  eden space 24064K, 99% used [0x00000000d5f80000,0x00000000d76d9070,0x00000000d7700000)
  from space 14848K, 33% used [0x00000000d8680000,0x00000000d8b5d440,0x00000000d9500000)
  to   space 15360K, 0% used [0x00000000d7700000,0x00000000d7700000,0x00000000d8600000)
 ParOldGen       total 64512K, used 17500K [0x0000000081e00000, 0x0000000085d00000, 0x00000000d5f80000)
  object space 64512K, 27% used [0x0000000081e00000,0x0000000082f172d8,0x0000000085d00000)
 Metaspace       used 13151K, capacity 13402K, committed 13568K, reserved 1060864K
  class space    used 1619K, capacity 1709K, committed 1792K, reserved 1048576K
Event: 56.540 GC heap after
Heap after GC invocations=38 (full 1):
 PSYoungGen      total 39424K, used 4049K [0x00000000d5f80000, 0x00000000d9500000, 0x0000000100000000)
  eden space 24064K, 0% used [0x00000000d5f80000,0x00000000d5f80000,0x00000000d7700000)
  from space 15360K, 26% used [0x00000000d7700000,0x00000000d7af4430,0x00000000d8600000)
  to   space 15360K, 0% used [0x00000000d8600000,0x00000000d8600000,0x00000000d9500000)
 ParOldGen       total 64512K, used 17524K [0x0000000081e00000, 0x0000000085d00000, 0x00000000d5f80000)
  object space 64512K, 27% used [0x0000000081e00000,0x0000000082f1d2d8,0x0000000085d00000)
 Metaspace       used 13151K, capacity 13402K, committed 13568K, reserved 1060864K
  class space    used 1619K, capacity 1709K, committed 1792K, reserved 1048576K
}

